2018-04-04T14:57:20.039Z - info: User function triggered, starting execution
2018-04-04T14:57:20.045Z - info: Execution took 36 ms, user function completed successfully
2018-04-04T14:58:24.985Z - info: User function triggered, starting execution
2018-04-04T14:58:25.016Z - info: Execution took 34 ms, user function completed successfully
2018-04-04T14:58:26.378Z - info: User function triggered, starting execution
2018-04-04T14:58:26.387Z - info: Execution took 6 ms, user function completed successfully
2018-04-04T14:58:26.505Z - info: User function triggered, starting execution
2018-04-04T14:58:26.521Z - info: Execution took 2 ms, user function completed successfully
2018-04-04T14:58:26.650Z - info: User function triggered, starting execution
2018-04-04T14:58:26.653Z - info: Execution took 1 ms, user function completed successfully
2018-04-04T14:58:26.817Z - info: User function triggered, starting execution
2018-04-04T14:58:26.819Z - info: Execution took 1 ms, user function completed successfully
2018-04-04T14:58:26.971Z - info: User function triggered, starting execution
2018-04-04T14:58:26.975Z - info: Execution took 1 ms, user function completed successfully
2018-04-04T14:58:27.127Z - info: User function triggered, starting execution
2018-04-04T14:58:27.131Z - info: Execution took 1 ms, user function completed successfully
2018-04-04T14:58:27.290Z - info: User function triggered, starting execution
2018-04-04T14:58:27.292Z - info: Execution took 1 ms, user function completed successfully
2018-04-04T14:58:27.449Z - info: User function triggered, starting execution
2018-04-04T14:58:27.449Z - info: Execution took 1 ms, user function completed successfully
2018-04-04T14:58:27.619Z - info: User function triggered, starting execution
2018-04-04T14:58:27.623Z - info: Execution took 1 ms, user function completed successfully
2018-04-04T14:58:27.795Z - info: User function triggered, starting execution
2018-04-04T14:58:27.797Z - info: Execution took 2 ms, user function completed successfully
2018-04-04T14:58:27.963Z - info: User function triggered, starting execution
Execution took 1 ms, user function completed successfully
2018-04-04T14:58:28.118Z - info: User function triggered, starting execution
2018-04-04T14:58:28.120Z - info: Execution took 2 ms, user function completed successfully
2018-04-04T15:18:17.029Z - info: User function triggered, starting execution
2018-04-04T15:18:17.064Z - info: Execution took 33 ms, user function completed successfully
2018-04-04T15:18:18.404Z - info: User function triggered, starting execution
2018-04-04T15:18:18.412Z - info: Execution took 6 ms, user function completed successfully
2018-04-04T15:18:47.738Z - info: Worker for api closed due to file changes.
2018-04-04T15:27:53.212Z - info: User function triggered, starting execution
2018-04-04T15:27:55.492Z - info: URL [https://api.twitter.com/1.1/statuses/user_timeline.json?screen_name=_luzardorenny]
2018-04-04T15:27:55.517Z - info: Execution took 2298 ms, user function completed successfully
2018-04-04T15:34:09.545Z - info: User function triggered, starting execution
2018-04-04T15:34:11.446Z - info: URL [https://api.twitter.com/1.1/statuses/user_timeline.json?screen_name=_luzardorenny]
2018-04-04T15:34:11.458Z - info: Execution took 1913 ms, user function completed successfully
2018-04-04T15:34:13.615Z - info: User function triggered, starting execution
2018-04-04T15:34:15.260Z - info: URL [https://api.twitter.com/1.1/statuses/user_timeline.json?screen_name=_luzardorenny]
2018-04-04T15:34:15.309Z - info: Execution took 1647 ms, user function completed successfully
2018-04-04T16:10:46.670Z - info: User function triggered, starting execution
2018-04-04T16:10:49.107Z - info: URL [https://api.twitter.com/1.1/statuses/user_timeline.json?screen_name=_luzardorenny]
2018-04-04T16:10:49.119Z - info: Execution took 2448 ms, user function completed successfully
2018-04-04T16:12:37.456Z - info: User function triggered, starting execution
2018-04-04T16:12:39.448Z - info: URL [https://api.twitter.com/1.1/statuses/user_timeline.json?screen_name=_luzardorenny]
2018-04-04T16:12:39.459Z - info: Execution took 2006 ms, user function completed successfully
2018-04-04T16:12:47.180Z - info: User function triggered, starting execution
2018-04-04T16:12:48.666Z - info: URL [https://api.twitter.com/1.1/statuses/user_timeline.json?screen_name=_luzardorenny]
2018-04-04T16:12:48.670Z - info: Execution took 1488 ms, user function completed successfully
2018-04-04T16:16:52.276Z - info: User function triggered, starting execution
2018-04-04T16:16:54.229Z - info: URL [https://api.twitter.com/1.1/statuses/user_timeline.json?screen_name=_luzardorenny]
2018-04-04T16:16:54.240Z - info: Execution took 1966 ms, user function completed successfully
2018-04-04T16:20:19.288Z - info: User function triggered, starting execution
2018-04-04T16:20:21.494Z - info: User function triggered, starting execution
2018-04-04T16:20:21.529Z - info: URL [https://api.twitter.com/1.1/statuses/user_timeline.json?screen_name=_luzardorenny]
2018-04-04T16:20:21.530Z - info: Execution took 34 ms, user function completed successfully
2018-04-04T16:20:21.547Z - info: Execution took 2263 ms, user function completed successfully
2018-04-04T16:21:30.629Z - info: User function triggered, starting execution
2018-04-04T16:21:32.697Z - info: URL [https://api.twitter.com/1.1/statuses/user_timeline.json?screen_name=_luzardorenny]
2018-04-04T16:21:32.727Z - info: Execution took 2103 ms, user function completed successfully
2018-04-04T16:22:29.786Z - info: User function triggered, starting execution
2018-04-04T16:22:33.602Z - info: URL [https://api.twitter.com/1.1/statuses/user_timeline.json?screen_name=_luzardorenny]
2018-04-04T16:22:33.623Z - info: Execution took 3837 ms, user function completed successfully
2018-04-04T16:52:13.939Z - info: User function triggered, starting execution
2018-04-04T16:52:16.067Z - info: URL [https://api.twitter.com/1.1/statuses/user_timeline.json?screen_name=_luzardorenny]
2018-04-04T16:52:16.091Z - info: Execution took 2148 ms, user function completed successfully
2018-04-04T16:54:08.076Z - info: User function triggered, starting execution
2018-04-04T16:54:09.982Z - info: URL [https://api.twitter.com/1.1/statuses/user_timeline.json?screen_name=_luzardorenny]
2018-04-04T16:54:10.039Z - info: Execution took 1955 ms, user function completed successfully
2018-04-04T16:54:37.340Z - info: User function triggered, starting execution
2018-04-04T16:54:39.704Z - info: URL [https://api.twitter.com/1.1/statuses/user_timeline.json?screen_name=_luzardorenny]
2018-04-04T16:54:39.712Z - info: Execution took 2369 ms, user function completed successfully
